<?xml version="1.0" encoding="UTF-8"?>
<testng-results ignored="0" total="2" passed="2" failed="0" skipped="0">
  <reporter-output>
    <line>
      <![CDATA[ Login Title Display is Displayed, PASS]]>
    </line>
  </reporter-output>
  <suite started-at="2022-02-08T15:33:25 IST" name="Default suite" finished-at="2022-02-08T15:34:30 IST" duration-ms="64591">
    <groups>
    </groups>
    <test started-at="2022-02-08T15:33:25 IST" name="Default test" finished-at="2022-02-08T15:34:30 IST" duration-ms="64591">
      <class name="invalidLoginTest.InvalidLoginTest">
        <test-method signature="openBrowser()[pri:0, instance:invalidLoginTest.InvalidLoginTest@73ee04c8]" started-at="2022-02-08T15:33:25 IST" name="openBrowser" finished-at="2022-02-08T15:33:36 IST" duration-ms="10620" status="PASS">
          <reporter-output>
            <line>
              <![CDATA[ Login Title Display is Displayed, PASS]]>
            </line>
          </reporter-output>
        </test-method> <!-- openBrowser -->
        <test-method signature="invalidTest()[pri:0, instance:invalidLoginTest.InvalidLoginTest@73ee04c8]" started-at="2022-02-08T15:33:36 IST" name="invalidTest" finished-at="2022-02-08T15:34:30 IST" duration-ms="53931" status="PASS">
          <reporter-output>
          </reporter-output>
        </test-method> <!-- invalidTest -->
      </class> <!-- invalidLoginTest.InvalidLoginTest -->
    </test> <!-- Default test -->
  </suite> <!-- Default suite -->
</testng-results>
